<?xml version="1.0" encoding="UTF-8"?>
<testng-results skipped="0" failed="0" ignored="0" total="1" passed="1">
  <reporter-output>
  </reporter-output>
  <suite name="Default suite" duration-ms="38976" started-at="2019-11-07T09:46:40Z" finished-at="2019-11-07T09:47:19Z">
    <groups>
    </groups>
    <test name="Default test" duration-ms="38976" started-at="2019-11-07T09:46:40Z" finished-at="2019-11-07T09:47:19Z">
      <class name="com.sampleTest_Git">
        <test-method status="PASS" signature="guru99()[pri:0, instance:com.sampleTest_Git@204f30ec]" name="guru99" duration-ms="38930" started-at="2019-11-07T09:46:40Z" finished-at="2019-11-07T09:47:19Z">
          <reporter-output>
          </reporter-output>
        </test-method> <!-- guru99 -->
      </class> <!-- com.sampleTest_Git -->
    </test> <!-- Default test -->
  </suite> <!-- Default suite -->
</testng-results>
